20220903	13:12:33	GET	/all	origin	undefined	ok
20220903	13:12:33	GET	/favicon.ico	origin	undefined	ok
20220903	13:12:33	GET	/index.html	origin	undefined	ok
20220903	13:12:33	GET	/	origin	undefined	ok
20220903	13:12:33	GET	/	origin	undefined	ok
20220903	13:12:33	GET	/all	origin	undefined	ok
20220903	13:12:33	GET	/	origin	undefined	ok
20220903	13:12:33	GET	/	origin	undefined	ok
20220903	13:12:33	GET	/	origin	undefined	ok
20220903	13:16:09	GET	/	origin	undefined	ok
20220903	13:16:09	GET	/index.html	origin	undefined	ok
20220903	13:16:09	GET	/index.html	origin	undefined	ok
20220903	13:16:09	GET	/index.html	origin	undefined	ok
20220903	13:16:09	GET	/index.html	origin	undefined	ok
20220903	13:16:09	GET	/index.html	origin	undefined	ok
20220903	13:16:09	GET	/all	origin	undefined	ok
20220903	13:16:09	GET	/find/5e0f85701c9d4400008f61fe	origin	undefined	ok
20220903	13:51:29	GET	/find/5e0f85701c9d4400008f61fe	origin	undefined	ok
20220903	13:51:29	GET	/	origin	undefined	ok
20220903	13:51:29	GET	/all	origin	undefined	ok
20220903	13:52:28	GET	/	origin	undefined	ok
20220903	13:52:28	GET	/	origin	undefined	ok
20220903	13:52:28	GET	/index.html	origin	undefined	ok
20220903	13:52:28	GET	/index	origin	undefined	ok
20220903	13:53:51	GET	/index	origin	undefined	ok
20220903	13:53:51	GET	/index	origin	undefined	ok
20220903	13:53:51	GET	/index	origin	undefined	ok
20220903	13:53:51	GET	/index	origin	undefined	ok
20220903	13:53:51	GET	/index	origin	undefined	ok
20220903	13:53:51	GET	/index.html	origin	undefined	ok
20220903	13:53:51	GET	/404.html	origin	undefined	ok
20220903	13:53:51	GET	/js.html	origin	undefined	ok
20220903	13:53:51	GET	/	origin	undefined	ok
20220903	13:53:51	GET	/all	origin	undefined	ok
20220903	13:56:09	GET	/isalive	origin	undefined	ok
20220903	13:57:02	GET	/isalive	origin	undefined	ok
20220903	13:57:02	GET	/isalive	origin	undefined	ok
20220903	13:57:02	GET	/isalive	origin	undefined	ok
20220903	13:57:02	GET	/isalive	origin	undefined	ok
20220903	13:57:02	GET	/isalive	origin	undefined	ok
20220903	13:57:02	GET	/isalive	origin	undefined	ok
20220903	13:57:02	GET	/isalive	origin	undefined	ok
20220903	13:57:33	GET	/isalive	origin	undefined	ok
20220903	13:57:33	GET	/isalive	origin	undefined	ok
20220903	13:57:33	GET	/isalive	origin	undefined	ok
20220903	13:57:33	GET	/isalive	origin	undefined	ok
20220903	13:57:33	GET	/isalive	origin	undefined	ok
20220903	13:57:33	GET	/isalive	origin	undefined	ok
20220903	13:57:33	GET	/views/isalive	origin	undefined	ok
20220903	13:58:08	GET	/views/isalive	origin	undefined	ok
20220903	13:58:08	GET	/views/isalive	origin	undefined	ok
20220903	13:58:08	GET	/views/isalive	origin	undefined	ok
20220903	13:58:08	GET	/views/isalive	origin	undefined	ok
20220903	13:58:08	GET	/views/isalive	origin	undefined	ok
20220903	13:58:08	GET	/views/isalive	origin	undefined	ok
20220903	13:58:08	GET	/salive	origin	undefined	ok
20220903	13:58:08	GET	/isalive	origin	undefined	ok
20220903	13:58:08	GET	/all	origin	undefined	ok
20220903	14:01:33	GET	/isalive	origin	undefined	ok
20220903	14:01:33	GET	/index.html	origin	undefined	ok
20220903	14:01:33	GET	/	origin	undefined	ok
20220903	14:01:33	GET	/index.html	origin	undefined	ok
20220903	14:01:33	GET	/404.html	origin	undefined	ok
20220903	14:01:33	GET	/all	origin	undefined	ok
20220903	14:01:33	GET	/	origin	undefined	ok
20220903	14:06:33	GET	/	origin	undefined	ok
20220903	14:06:33	GET	/index	origin	undefined	ok
20220903	14:08:40	GET	/index	origin	undefined	ok
20220903	14:08:40	GET	/index.html	origin	undefined	ok
20220903	14:09:22	GET	/index.html	origin	undefined	ok
20220903	14:09:22	GET	/	origin	undefined	ok
20220903	14:09:22	GET	/all	origin	undefined	ok
20220903	14:10:01	GET	/all	origin	undefined	ok
20220903	14:10:01	GET	/all	origin	undefined	ok
20220903	14:10:01	GET	/all	origin	undefined	ok
20220903	14:10:01	GET	/all	origin	undefined	ok
20220903	14:10:01	GET	/all	origin	undefined	ok
20220903	14:10:01	GET	/all	origin	undefined	ok
20220903	14:10:20	GET	/all	origin	undefined	ok
20220903	14:10:20	GET	/	origin	undefined	ok
20220903	14:10:20	GET	/index.html	origin	undefined	ok
20220903	14:10:20	GET	/index.html	origin	undefined	ok
20220903	14:10:20	GET	/index.html	origin	undefined	ok
20220903	14:14:29	GET	/index.html	origin	undefined	ok
20220903	14:14:29	GET	/index	origin	undefined	ok
20220903	14:14:29	GET	/all	origin	undefined	ok
20220903	14:14:29	GET	/	origin	undefined	ok
20220903	14:14:29	GET	/	origin	undefined	ok
20220903	14:14:29	GET	/	origin	undefined	ok
20220903	14:14:29	GET	/index.html	origin	undefined	ok
20220903	14:14:29	GET	/all	origin	undefined	ok
20220903	14:14:29	GET	/	origin	undefined	ok
20220903	14:14:29	GET	/index.html	origin	undefined	ok
20220903	14:14:29	GET	/index.html	origin	undefined	ok
20220903	14:14:29	GET	/index.html	origin	undefined	ok
20220903	14:14:29	GET	/index.html	origin	undefined	ok
20220903	14:14:29	GET	/index.html	origin	undefined	ok
20220903	14:14:29	GET	/index.html	origin	undefined	ok
20220903	14:14:29	GET	/index.html	origin	undefined	ok
20220903	14:14:29	GET	/index.html	origin	undefined	ok
20220903	14:14:29	GET	/index.html	origin	undefined	ok
20220903	14:14:29	GET	/index.html	origin	undefined	ok
20220903	14:14:29	GET	/	origin	undefined	ok
20220903	14:21:25	GET	/	origin	undefined	ok
20220903	14:21:25	GET	/	origin	undefined	ok
20220903	14:21:25	GET	/	origin	undefined	ok
20220903	14:21:25	GET	/	origin	undefined	ok
20220903	14:21:25	GET	/	origin	undefined	ok
20220903	14:21:25	GET	/index	origin	undefined	ok
20220903	14:21:25	GET	/	origin	undefined	ok
20220903	14:21:25	GET	/i	origin	undefined	ok
20220903	14:21:25	GET	/i	origin	undefined	ok
20220903	14:21:25	GET	/i	origin	undefined	ok
20220903	14:22:44	GET	/i	origin	undefined	ok
20220903	14:32:37	GET	/i	origin	undefined	ok
20220903	14:32:37	GET	/	origin	undefined	ok
20220903	14:32:37	GET	/	origin	undefined	ok
20220903	14:32:37	GET	/all	origin	undefined	ok
20220903	14:32:37	GET	/al7	origin	undefined	ok
20220903	14:32:37	GET	/	origin	undefined	ok
