20220313	22:48:01	GET	/	origin	undefined	ok
20220313	22:48:01	GET	/favicon.ico	origin	undefined	ok
20220313	22:48:01	GET	/index.html	origin	undefined	ok
20220313	22:48:01	GET	/productos	origin	undefined	ok
20220313	22:48:01	GET	/productos/all	origin	undefined	ok
20220313	22:48:01	GET	/	origin	undefined	ok
20220313	22:48:01	GET	/index	origin	undefined	ok
20220313	22:48:01	GET	/index,html	origin	undefined	ok
20220313	22:48:01	GET	/index.html	origin	undefined	ok
20220313	22:48:01	GET	/productos/all	origin	undefined	ok
20220313	22:48:01	GET	/	origin	undefined	ok
20220313	22:48:01	GET	/	origin	undefined	ok
20220313	22:48:01	GET	/api	origin	undefined	ok
20220313	22:54:17	GET	/api	origin	undefined	ok
20220313	22:57:07	GET	/api	origin	undefined	ok
20220313	22:57:07	GET	/	origin	undefined	ok
20220313	22:57:07	GET	/pagina	origin	undefined	ok
20220313	22:57:07	GET	/pagina	origin	undefined	ok
20220313	22:57:07	GET	/pagina	origin	undefined	ok
20220313	22:57:07	GET	/pagina	origin	undefined	ok
20220313	22:57:07	GET	/pagina	origin	undefined	ok
20220313	22:57:07	GET	/	origin	undefined	ok
20220313	22:57:07	GET	/all	origin	undefined	ok
20220313	22:57:07	GET	/find/5e7a29ac1c9d44000018c3a8	origin	undefined	ok
20220313	22:57:07	GET	/	origin	undefined	ok
20220313	22:57:07	GET	/find	origin	undefined	ok
20220313	22:57:07	GET	/find/5e7a29ac1c9d44000018c3a8	origin	undefined	ok
20220313	22:57:07	GET	/find/5e7a29ac1c9d44000018c3a	origin	undefined	ok
20220313	22:57:07	CastError		Error	Cast to ObjectId failed for value "5e7a29ac1c9d44000018c3a" at path "_id" for model "productos"	
20220313	22:57:07	GET	/find/5e7a29ac1c9d44000018c3a	origin	undefined	ok
20220313	22:57:07	CastError		Error	Cast to ObjectId failed for value "5e7a29ac1c9d44000018c3a" at path "_id" for model "productos"	
20220313	22:57:07	GET	/find/5e7a29ac1c9d44000018c3a	origin	undefined	ok
20220313	22:57:07	CastError		Error	Cast to ObjectId failed for value "5e7a29ac1c9d44000018c3a" at path "_id" for model "productos"	
