20220425	00:24:14	Error		Error	querySrv ESERVFAIL _mongodb._tcp.cluster0-y69ki.mongodb.net	
20220425	00:24:42	Error		Error	querySrv ESERVFAIL _mongodb._tcp.cluster0-y69ki.mongodb.net	
20220425	00:24:49	Error		Error	querySrv ESERVFAIL _mongodb._tcp.cluster0-y69ki.mongodb.net	
20220425	00:27:16	Error		Error	querySrv ESERVFAIL _mongodb._tcp.cluster0-y69ki.mongodb.net	
20220425	00:42:00	GET	/all	origin	undefined	ok
20220425	00:42:00	GET	/favicon.ico	origin	undefined	ok
20220425	00:42:00	GET	/index.html	origin	undefined	ok
20220425	00:42:00	GET	/index	origin	undefined	ok
20220425	00:50:24	GET	/index.404	origin	undefined	ok
20220425	00:50:24	GET	/all	origin	undefined	ok
20220425	00:50:24	GET	/find/5e7a29bc1c9d44000018c3ac	origin	undefined	ok
20220425	00:50:24	POST	/update/5e7a29bc1c9d44000018c3ac	origin	undefined	ok
20220425	00:50:24	POST	/update/5e7a29bc1c9d44000018c3ac	origin	undefined	ok
20220425	00:50:24	GET	/update/5e7a29bc1c9d44000018c3ac	origin	undefined	ok
20220425	00:50:24	GET	/update/5e7a29bc1c9d44000018c3ac	origin	undefined	ok
20220425	00:50:24	GET	/update/5e7a29bc1c9d44000018c3ac	origin	undefined	ok
20220425	00:50:24	GET	/find/5e7a29bc1c9d44000018c3ac	origin	undefined	ok
20220425	00:50:24	PUT	/update/5e7a29bc1c9d44000018c3ac	origin	undefined	ok
20220425	00:50:24	GET	/find/5e7a29bc1c9d44000018c3ac	origin	undefined	ok
20220425	00:50:24	GET	/all	origin	undefined	ok
20220425	02:00:28	GET	/all	origin	undefined	ok
